Started GET "/" for ::1 at 2019-07-09 17:34:35 +0600
  
ActiveRecord::NoDatabaseError (Unknown database 'task_app_development'):
  
activerecord (5.2.3) lib/active_record/connection_adapters/mysql2_adapter.rb:26:in `rescue in mysql2_connection'
activerecord (5.2.3) lib/active_record/connection_adapters/mysql2_adapter.rb:12:in `mysql2_connection'
activerecord (5.2.3) lib/active_record/connection_adapters/abstract/connection_pool.rb:811:in `new_connection'
activerecord (5.2.3) lib/active_record/connection_adapters/abstract/connection_pool.rb:855:in `checkout_new_connection'
activerecord (5.2.3) lib/active_record/connection_adapters/abstract/connection_pool.rb:834:in `try_to_checkout_new_connection'
activerecord (5.2.3) lib/active_record/connection_adapters/abstract/connection_pool.rb:795:in `acquire_connection'
activerecord (5.2.3) lib/active_record/connection_adapters/abstract/connection_pool.rb:523:in `checkout'
activerecord (5.2.3) lib/active_record/connection_adapters/abstract/connection_pool.rb:382:in `connection'
activerecord (5.2.3) lib/active_record/connection_adapters/abstract/connection_pool.rb:1014:in `retrieve_connection'
activerecord (5.2.3) lib/active_record/connection_handling.rb:118:in `retrieve_connection'
activerecord (5.2.3) lib/active_record/connection_handling.rb:90:in `connection'
activerecord (5.2.3) lib/active_record/migration.rb:554:in `call'
actionpack (5.2.3) lib/action_dispatch/middleware/callbacks.rb:28:in `block in call'
activesupport (5.2.3) lib/active_support/callbacks.rb:98:in `run_callbacks'
actionpack (5.2.3) lib/action_dispatch/middleware/callbacks.rb:26:in `call'
actionpack (5.2.3) lib/action_dispatch/middleware/executor.rb:14:in `call'
actionpack (5.2.3) lib/action_dispatch/middleware/debug_exceptions.rb:61:in `call'
web-console (3.7.0) lib/web_console/middleware.rb:135:in `call_app'
web-console (3.7.0) lib/web_console/middleware.rb:30:in `block in call'
web-console (3.7.0) lib/web_console/middleware.rb:20:in `catch'
web-console (3.7.0) lib/web_console/middleware.rb:20:in `call'
actionpack (5.2.3) lib/action_dispatch/middleware/show_exceptions.rb:33:in `call'
railties (5.2.3) lib/rails/rack/logger.rb:38:in `call_app'
railties (5.2.3) lib/rails/rack/logger.rb:26:in `block in call'
activesupport (5.2.3) lib/active_support/tagged_logging.rb:71:in `block in tagged'
activesupport (5.2.3) lib/active_support/tagged_logging.rb:28:in `tagged'
activesupport (5.2.3) lib/active_support/tagged_logging.rb:71:in `tagged'
railties (5.2.3) lib/rails/rack/logger.rb:26:in `call'
sprockets-rails (3.2.1) lib/sprockets/rails/quiet_assets.rb:13:in `call'
actionpack (5.2.3) lib/action_dispatch/middleware/remote_ip.rb:81:in `call'
actionpack (5.2.3) lib/action_dispatch/middleware/request_id.rb:27:in `call'
rack (2.0.7) lib/rack/method_override.rb:22:in `call'
rack (2.0.7) lib/rack/runtime.rb:22:in `call'
activesupport (5.2.3) lib/active_support/cache/strategy/local_cache_middleware.rb:29:in `call'
actionpack (5.2.3) lib/action_dispatch/middleware/executor.rb:14:in `call'
actionpack (5.2.3) lib/action_dispatch/middleware/static.rb:127:in `call'
rack (2.0.7) lib/rack/sendfile.rb:111:in `call'
railties (5.2.3) lib/rails/engine.rb:524:in `call'
puma (3.12.1) lib/puma/configuration.rb:227:in `call'
puma (3.12.1) lib/puma/server.rb:660:in `handle_request'
puma (3.12.1) lib/puma/server.rb:474:in `process_client'
puma (3.12.1) lib/puma/server.rb:334:in `block in run'
puma (3.12.1) lib/puma/thread_pool.rb:135:in `block in spawn_thread'
Started GET "/" for ::1 at 2019-07-09 17:36:13 +0600
  [1m[35m (0.8ms)[0m  [1m[35mSET NAMES utf8,  @@SESSION.sql_mode = CONCAT(CONCAT(@@sql_mode, ',STRICT_ALL_TABLES'), ',NO_AUTO_VALUE_ON_ZERO'),  @@SESSION.sql_auto_is_null = 0, @@SESSION.wait_timeout = 2147483[0m
  ↳ C:/Ruby25-x64/lib/ruby/gems/2.5.0/gems/activerecord-5.2.3/lib/active_record/log_subscriber.rb:98
Processing by WelcomeController#index as HTML
  Rendering welcome/index.html.erb within layouts/application
  Rendered welcome/index.html.erb within layouts/application (3.4ms)
Completed 500 Internal Server Error in 256ms (ActiveRecord: 0.0ms)


  
ActionView::Template::Error (Error: File to import not found or unreadable: bootstrap-sprockets.
        on line 18 of app/assets/stylesheets/application.scss
>>  @import "bootstrap-sprockets";

   -^
):
     5:     <%= csrf_meta_tags %>
     6:     <%= csp_meta_tag %>
     7: 
     8:     <%= stylesheet_link_tag    'application', media: 'all', 'data-turbolinks-track': 'reload' %>
     9:     <%= javascript_include_tag 'application', 'data-turbolinks-track': 'reload' %>
    10:   </head>
    11: 
  
app/assets/stylesheets/application.scss:18
app/views/layouts/application.html.erb:8:in `_app_views_layouts_application_html_erb__216709517_59818820'
Started GET "/" for ::1 at 2019-07-09 17:38:19 +0600
  [1m[35m (1.0ms)[0m  [1m[35mSET NAMES utf8,  @@SESSION.sql_mode = CONCAT(CONCAT(@@sql_mode, ',STRICT_ALL_TABLES'), ',NO_AUTO_VALUE_ON_ZERO'),  @@SESSION.sql_auto_is_null = 0, @@SESSION.wait_timeout = 2147483[0m
  ↳ C:/Ruby25-x64/lib/ruby/gems/2.5.0/gems/activerecord-5.2.3/lib/active_record/log_subscriber.rb:98
Processing by WelcomeController#index as HTML
  Rendering welcome/index.html.erb within layouts/application
  Rendered welcome/index.html.erb within layouts/application (2.3ms)
Completed 500 Internal Server Error in 244ms (ActiveRecord: 0.0ms)


  
ActionView::Template::Error (Error: File to import not found or unreadable: bootstrap-sprockets.
        on line 18 of app/assets/stylesheets/application.scss
>>  @import "bootstrap-sprockets";

   -^
):
     5:     <%= csrf_meta_tags %>
     6:     <%= csp_meta_tag %>
     7: 
     8:     <%= stylesheet_link_tag    'application', media: 'all', 'data-turbolinks-track': 'reload' %>
     9:     <%= javascript_include_tag 'application', 'data-turbolinks-track': 'reload' %>
    10:   </head>
    11: 
  
app/assets/stylesheets/application.scss:18
app/views/layouts/application.html.erb:8:in `_app_views_layouts_application_html_erb__986931283_45042600'
Started GET "/" for ::1 at 2019-07-09 17:40:27 +0600
  [1m[35m (0.7ms)[0m  [1m[35mSET NAMES utf8,  @@SESSION.sql_mode = CONCAT(CONCAT(@@sql_mode, ',STRICT_ALL_TABLES'), ',NO_AUTO_VALUE_ON_ZERO'),  @@SESSION.sql_auto_is_null = 0, @@SESSION.wait_timeout = 2147483[0m
  ↳ C:/Ruby25-x64/lib/ruby/gems/2.5.0/gems/activerecord-5.2.3/lib/active_record/log_subscriber.rb:98
Processing by WelcomeController#index as HTML
  Rendering welcome/index.html.erb within layouts/application
  Rendered welcome/index.html.erb within layouts/application (2.4ms)
Completed 500 Internal Server Error in 6862ms (ActiveRecord: 0.0ms)


  
ActionView::Template::Error (identifier '(function(opts, pluginOpts) {return eval(process' undefined):
     5:     <%= csrf_meta_tags %>
     6:     <%= csp_meta_tag %>
     7: 
     8:     <%= stylesheet_link_tag    'application', media: 'all', 'data-turbolinks-track': 'reload' %>
     9:     <%= javascript_include_tag 'application', 'data-turbolinks-track': 'reload' %>
    10:   </head>
    11: 
  
(execjs):1
app/views/layouts/application.html.erb:8:in `_app_views_layouts_application_html_erb__1070401286_57448440'
Started GET "/" for ::1 at 2019-07-09 17:42:24 +0600
  [1m[35m (0.7ms)[0m  [1m[35mSET NAMES utf8,  @@SESSION.sql_mode = CONCAT(CONCAT(@@sql_mode, ',STRICT_ALL_TABLES'), ',NO_AUTO_VALUE_ON_ZERO'),  @@SESSION.sql_auto_is_null = 0, @@SESSION.wait_timeout = 2147483[0m
  ↳ C:/Ruby25-x64/lib/ruby/gems/2.5.0/gems/activerecord-5.2.3/lib/active_record/log_subscriber.rb:98
Processing by WelcomeController#index as HTML
  Rendering welcome/index.html.erb within layouts/application
  Rendered welcome/index.html.erb within layouts/application (3.5ms)
Completed 500 Internal Server Error in 316ms (ActiveRecord: 0.0ms)


  
ActionView::Template::Error (The asset "default.css" is not present in the asset pipeline.):
     5:     <%= csrf_meta_tags %>
     6:     <%= csp_meta_tag %>
     7: 
     8:     <%= stylesheet_link_tag    'default', media: 'all', 'data-turbolinks-track': 'reload' %>
     9:     <%= javascript_include_tag 'default', 'data-turbolinks-track': 'reload' %>
    10:   </head>
    11: 
  
app/views/layouts/application.html.erb:8:in `_app_views_layouts_application_html_erb__573733337_57044340'
Started GET "/" for ::1 at 2019-07-09 17:43:23 +0600
Processing by WelcomeController#index as HTML
  Rendering welcome/index.html.erb within layouts/application
  Rendered welcome/index.html.erb within layouts/application (0.4ms)
Completed 500 Internal Server Error in 4424ms (ActiveRecord: 0.0ms)


  
ActionView::Template::Error (identifier '(function(opts, pluginOpts) {return eval(process' undefined):
     5:     <%= csrf_meta_tags %>
     6:     <%= csp_meta_tag %>
     7: 
     8:     <%= stylesheet_link_tag    'application', media: 'all', 'data-turbolinks-track': 'reload' %>
     9:     <%= javascript_include_tag 'application', 'data-turbolinks-track': 'reload' %>
    10:   </head>
    11: 
  
(execjs):1
app/views/layouts/application.html.erb:8:in `_app_views_layouts_application_html_erb__573733337_101292820'
Started GET "/" for ::1 at 2019-07-09 17:45:17 +0600
  [1m[35m (0.8ms)[0m  [1m[35mSET NAMES utf8,  @@SESSION.sql_mode = CONCAT(CONCAT(@@sql_mode, ',STRICT_ALL_TABLES'), ',NO_AUTO_VALUE_ON_ZERO'),  @@SESSION.sql_auto_is_null = 0, @@SESSION.wait_timeout = 2147483[0m
  ↳ C:/Ruby25-x64/lib/ruby/gems/2.5.0/gems/activerecord-5.2.3/lib/active_record/log_subscriber.rb:98
Processing by WelcomeController#index as HTML
  Rendering welcome/index.html.erb within layouts/application
  Rendered welcome/index.html.erb within layouts/application (4.3ms)
Completed 500 Internal Server Error in 6016ms (ActiveRecord: 0.0ms)


  
ActionView::Template::Error (identifier '(function(opts, pluginOpts) {return eval(process' undefined):
     5:     <%= csrf_meta_tags %>
     6:     <%= csp_meta_tag %>
     7: 
     8:     <%= stylesheet_link_tag    'application', media: 'all', 'data-turbolinks-track': 'reload' %>
     9:     <%= javascript_include_tag 'application', 'data-turbolinks-track': 'reload' %>
    10:   </head>
    11: 
  
(execjs):1
app/views/layouts/application.html.erb:8:in `_app_views_layouts_application_html_erb__89844796_56869240'
Started GET "/" for ::1 at 2019-07-09 17:48:10 +0600
  [1m[35m (0.8ms)[0m  [1m[35mSET NAMES utf8,  @@SESSION.sql_mode = CONCAT(CONCAT(@@sql_mode, ',STRICT_ALL_TABLES'), ',NO_AUTO_VALUE_ON_ZERO'),  @@SESSION.sql_auto_is_null = 0, @@SESSION.wait_timeout = 2147483[0m
  ↳ C:/Ruby25-x64/lib/ruby/gems/2.5.0/gems/activerecord-5.2.3/lib/active_record/log_subscriber.rb:98
Processing by WelcomeController#index as HTML
  Rendering welcome/index.html.erb within layouts/application
  Rendered welcome/index.html.erb within layouts/application (4.2ms)
Completed 500 Internal Server Error in 8012ms (ActiveRecord: 0.0ms)


  
ActionView::Template::Error (couldn't find file 'jquery' with type 'application/javascript'
Checked in these paths: 
  D:/WORKSTATION/github.com/rubyOnRails_MySql_Example/task_app/app/assets/config
  D:/WORKSTATION/github.com/rubyOnRails_MySql_Example/task_app/app/assets/images
  D:/WORKSTATION/github.com/rubyOnRails_MySql_Example/task_app/app/assets/javascripts
  D:/WORKSTATION/github.com/rubyOnRails_MySql_Example/task_app/app/assets/stylesheets
  C:/Ruby25-x64/lib/ruby/gems/2.5.0/gems/coffee-rails-4.2.2/lib/assets/javascripts
  C:/Ruby25-x64/lib/ruby/gems/2.5.0/gems/actioncable-5.2.3/lib/assets/compiled
  C:/Ruby25-x64/lib/ruby/gems/2.5.0/gems/activestorage-5.2.3/app/assets/javascripts
  C:/Ruby25-x64/lib/ruby/gems/2.5.0/gems/actionview-5.2.3/lib/assets/compiled
  C:/Ruby25-x64/lib/ruby/gems/2.5.0/gems/turbolinks-source-5.2.0/lib/assets/javascripts
  D:/WORKSTATION/github.com/rubyOnRails_MySql_Example/task_app/node_modules
  C:/Ruby25-x64/lib/ruby/gems/2.5.0/gems/bootstrap-sass-3.4.1/assets/stylesheets
  C:/Ruby25-x64/lib/ruby/gems/2.5.0/gems/bootstrap-sass-3.4.1/assets/javascripts
  C:/Ruby25-x64/lib/ruby/gems/2.5.0/gems/bootstrap-sass-3.4.1/assets/fonts
  C:/Ruby25-x64/lib/ruby/gems/2.5.0/gems/bootstrap-sass-3.4.1/assets/images):
     5:     <%= csrf_meta_tags %>
     6:     <%= csp_meta_tag %>
     7: 
     8:     <%= stylesheet_link_tag    'application', media: 'all', 'data-turbolinks-track': 'reload' %>
     9:     <%= javascript_include_tag 'application', 'data-turbolinks-track': 'reload' %>
    10:   </head>
    11: 
  
app/assets/javascripts/application.js:17
app/views/layouts/application.html.erb:8:in `_app_views_layouts_application_html_erb__497823386_58040240'
Started GET "/" for ::1 at 2019-07-09 17:48:45 +0600
  [1m[35m (0.6ms)[0m  [1m[35mSET NAMES utf8,  @@SESSION.sql_mode = CONCAT(CONCAT(@@sql_mode, ',STRICT_ALL_TABLES'), ',NO_AUTO_VALUE_ON_ZERO'),  @@SESSION.sql_auto_is_null = 0, @@SESSION.wait_timeout = 2147483[0m
  ↳ C:/Ruby25-x64/lib/ruby/gems/2.5.0/gems/activerecord-5.2.3/lib/active_record/log_subscriber.rb:98
Processing by WelcomeController#index as HTML
  Rendering welcome/index.html.erb within layouts/application
  Rendered welcome/index.html.erb within layouts/application (2.4ms)
Completed 500 Internal Server Error in 330ms (ActiveRecord: 0.0ms)


  
ActionView::Template::Error (couldn't find file 'jquery' with type 'application/javascript'
Checked in these paths: 
  D:/WORKSTATION/github.com/rubyOnRails_MySql_Example/task_app/app/assets/config
  D:/WORKSTATION/github.com/rubyOnRails_MySql_Example/task_app/app/assets/images
  D:/WORKSTATION/github.com/rubyOnRails_MySql_Example/task_app/app/assets/javascripts
  D:/WORKSTATION/github.com/rubyOnRails_MySql_Example/task_app/app/assets/stylesheets
  C:/Ruby25-x64/lib/ruby/gems/2.5.0/gems/coffee-rails-4.2.2/lib/assets/javascripts
  C:/Ruby25-x64/lib/ruby/gems/2.5.0/gems/actioncable-5.2.3/lib/assets/compiled
  C:/Ruby25-x64/lib/ruby/gems/2.5.0/gems/activestorage-5.2.3/app/assets/javascripts
  C:/Ruby25-x64/lib/ruby/gems/2.5.0/gems/actionview-5.2.3/lib/assets/compiled
  C:/Ruby25-x64/lib/ruby/gems/2.5.0/gems/turbolinks-source-5.2.0/lib/assets/javascripts
  D:/WORKSTATION/github.com/rubyOnRails_MySql_Example/task_app/node_modules
  C:/Ruby25-x64/lib/ruby/gems/2.5.0/gems/bootstrap-sass-3.4.1/assets/stylesheets
  C:/Ruby25-x64/lib/ruby/gems/2.5.0/gems/bootstrap-sass-3.4.1/assets/javascripts
  C:/Ruby25-x64/lib/ruby/gems/2.5.0/gems/bootstrap-sass-3.4.1/assets/fonts
  C:/Ruby25-x64/lib/ruby/gems/2.5.0/gems/bootstrap-sass-3.4.1/assets/images):
     5:     <%= csrf_meta_tags %>
     6:     <%= csp_meta_tag %>
     7: 
     8:     <%= stylesheet_link_tag    'application', media: 'all', 'data-turbolinks-track': 'reload' %>
     9:     <%= javascript_include_tag 'application', 'data-turbolinks-track': 'reload' %>
    10:   </head>
    11: 
  
app/assets/javascripts/application.js:17
app/views/layouts/application.html.erb:8:in `_app_views_layouts_application_html_erb__1016806946_46827300'
Started GET "/" for ::1 at 2019-07-09 17:50:53 +0600
  [1m[35m (0.8ms)[0m  [1m[35mSET NAMES utf8,  @@SESSION.sql_mode = CONCAT(CONCAT(@@sql_mode, ',STRICT_ALL_TABLES'), ',NO_AUTO_VALUE_ON_ZERO'),  @@SESSION.sql_auto_is_null = 0, @@SESSION.wait_timeout = 2147483[0m
  ↳ C:/Ruby25-x64/lib/ruby/gems/2.5.0/gems/activerecord-5.2.3/lib/active_record/log_subscriber.rb:98
Processing by WelcomeController#index as HTML
  Rendering welcome/index.html.erb within layouts/application
  Rendered welcome/index.html.erb within layouts/application (2.9ms)
Completed 500 Internal Server Error in 529ms (ActiveRecord: 0.0ms)


  
ActionView::Template::Error (couldn't find file 'jquery' with type 'application/javascript'
Checked in these paths: 
  D:/WORKSTATION/github.com/rubyOnRails_MySql_Example/task_app/app/assets/config
  D:/WORKSTATION/github.com/rubyOnRails_MySql_Example/task_app/app/assets/images
  D:/WORKSTATION/github.com/rubyOnRails_MySql_Example/task_app/app/assets/javascripts
  D:/WORKSTATION/github.com/rubyOnRails_MySql_Example/task_app/app/assets/stylesheets
  C:/Ruby25-x64/lib/ruby/gems/2.5.0/gems/coffee-rails-4.2.2/lib/assets/javascripts
  C:/Ruby25-x64/lib/ruby/gems/2.5.0/gems/actioncable-5.2.3/lib/assets/compiled
  C:/Ruby25-x64/lib/ruby/gems/2.5.0/gems/activestorage-5.2.3/app/assets/javascripts
  C:/Ruby25-x64/lib/ruby/gems/2.5.0/gems/actionview-5.2.3/lib/assets/compiled
  C:/Ruby25-x64/lib/ruby/gems/2.5.0/gems/turbolinks-source-5.2.0/lib/assets/javascripts
  D:/WORKSTATION/github.com/rubyOnRails_MySql_Example/task_app/node_modules
  C:/Ruby25-x64/lib/ruby/gems/2.5.0/gems/bootstrap-sass-3.4.1/assets/stylesheets
  C:/Ruby25-x64/lib/ruby/gems/2.5.0/gems/bootstrap-sass-3.4.1/assets/javascripts
  C:/Ruby25-x64/lib/ruby/gems/2.5.0/gems/bootstrap-sass-3.4.1/assets/fonts
  C:/Ruby25-x64/lib/ruby/gems/2.5.0/gems/bootstrap-sass-3.4.1/assets/images):
     5:     <%= csrf_meta_tags %>
     6:     <%= csp_meta_tag %>
     7: 
     8:     <%= stylesheet_link_tag    'application', media: 'all', 'data-turbolinks-track': 'reload' %>
     9:     <%= javascript_include_tag 'application', 'data-turbolinks-track': 'reload' %>
    10:   </head>
    11: 
  
app/assets/javascripts/application.js:14
app/views/layouts/application.html.erb:8:in `_app_views_layouts_application_html_erb__219141257_56367500'
Started GET "/" for ::1 at 2019-07-09 17:53:58 +0600
  [1m[35m (0.7ms)[0m  [1m[35mSET NAMES utf8,  @@SESSION.sql_mode = CONCAT(CONCAT(@@sql_mode, ',STRICT_ALL_TABLES'), ',NO_AUTO_VALUE_ON_ZERO'),  @@SESSION.sql_auto_is_null = 0, @@SESSION.wait_timeout = 2147483[0m
  ↳ C:/Ruby25-x64/lib/ruby/gems/2.5.0/gems/activerecord-5.2.3/lib/active_record/log_subscriber.rb:98
Processing by WelcomeController#index as HTML
  Rendering welcome/index.html.erb within layouts/application
  Rendered welcome/index.html.erb within layouts/application (2.6ms)
Completed 200 OK in 9447ms (Views: 9428.5ms | ActiveRecord: 0.0ms)


